<?xml version="1.0" encoding="UTF-8"?>
<testsuite xmlns:xsi="http://www.w3.org/2001/XMLSchema-instance" xsi:noNamespaceSchemaLocation="https://maven.apache.org/surefire/maven-surefire-plugin/xsd/surefire-test-report.xsd" name="ibm.AppTest" time="0.15" tests="1" errors="0" skipped="0" failures="0">
  <properties>
    <property name="sun.desktop" value="windows"/>
    <property name="awt.toolkit" value="sun.awt.windows.WToolkit"/>
    <property name="file.encoding.pkg" value="sun.io"/>
    <property name="java.specification.version" value="1.8"/>
    <property name="sun.cpu.isalist" value="pentium_pro+mmx pentium_pro pentium+mmx pentium i486 i386 i86"/>
    <property name="sun.jnu.encoding" value="Cp1252"/>
    <property name="java.class.path" value="E:\devops1\maven\apache-maven-3.8.5\citibank\target\test-classes;E:\devops1\maven\apache-maven-3.8.5\citibank\target\classes;C:\Users\welcome\.m2\repository\junit\junit\4.11\junit-4.11.jar;C:\Users\welcome\.m2\repository\org\hamcrest\hamcrest-core\1.3\hamcrest-core-1.3.jar;"/>
    <property name="java.vm.vendor" value="Oracle Corporation"/>
    <property name="sun.arch.data.model" value="32"/>
    <property name="user.variant" value=""/>
    <property name="java.vendor.url" value="http://java.oracle.com/"/>
    <property name="user.timezone" value="Asia/Calcutta"/>
    <property name="java.vm.specification.version" value="1.8"/>
    <property name="os.name" value="Windows 10"/>
    <property name="user.country" value="US"/>
    <property name="sun.java.launcher" value="SUN_STANDARD"/>
    <property name="sun.boot.library.path" value="C:\Program Files (x86)\Java\jdk1.8.0_321\jre\bin"/>
    <property name="sun.java.command" value="C:\Users\welcome\AppData\Local\Temp\surefire5217445013061997448\surefirebooter5959891204667081191.jar C:\Users\welcome\AppData\Local\Temp\surefire5217445013061997448 2022-03-30T16-36-03_835-jvmRun1 surefire1049557707750883463tmp surefire_04347379721691640711tmp"/>
    <property name="surefire.test.class.path" value="E:\devops1\maven\apache-maven-3.8.5\citibank\target\test-classes;E:\devops1\maven\apache-maven-3.8.5\citibank\target\classes;C:\Users\welcome\.m2\repository\junit\junit\4.11\junit-4.11.jar;C:\Users\welcome\.m2\repository\org\hamcrest\hamcrest-core\1.3\hamcrest-core-1.3.jar;"/>
    <property name="sun.cpu.endian" value="little"/>
    <property name="user.home" value="C:\Users\welcome"/>
    <property name="user.language" value="en"/>
    <property name="java.specification.vendor" value="Oracle Corporation"/>
    <property name="java.home" value="C:\Program Files (x86)\Java\jdk1.8.0_321\jre"/>
    <property name="basedir" value="E:\devops1\maven\apache-maven-3.8.5\citibank"/>
    <property name="file.separator" value="\"/>
    <property name="line.separator" value="&#10;"/>
    <property name="java.vm.specification.vendor" value="Oracle Corporation"/>
    <property name="java.specification.name" value="Java Platform API Specification"/>
    <property name="java.awt.graphicsenv" value="sun.awt.Win32GraphicsEnvironment"/>
    <property name="surefire.real.class.path" value="C:\Users\welcome\AppData\Local\Temp\surefire5217445013061997448\surefirebooter5959891204667081191.jar"/>
    <property name="sun.boot.class.path" value="C:\Program Files (x86)\Java\jdk1.8.0_321\jre\lib\resources.jar;C:\Program Files (x86)\Java\jdk1.8.0_321\jre\lib\rt.jar;C:\Program Files (x86)\Java\jdk1.8.0_321\jre\lib\sunrsasign.jar;C:\Program Files (x86)\Java\jdk1.8.0_321\jre\lib\jsse.jar;C:\Program Files (x86)\Java\jdk1.8.0_321\jre\lib\jce.jar;C:\Program Files (x86)\Java\jdk1.8.0_321\jre\lib\charsets.jar;C:\Program Files (x86)\Java\jdk1.8.0_321\jre\lib\jfr.jar;C:\Program Files (x86)\Java\jdk1.8.0_321\jre\classes"/>
    <property name="user.script" value=""/>
    <property name="sun.management.compiler" value="HotSpot Client Compiler"/>
    <property name="java.runtime.version" value="1.8.0_321-b07"/>
    <property name="user.name" value="welcome"/>
    <property name="path.separator" value=";"/>
    <property name="os.version" value="10.0"/>
    <property name="java.endorsed.dirs" value="C:\Program Files (x86)\Java\jdk1.8.0_321\jre\lib\endorsed"/>
    <property name="java.runtime.name" value="Java(TM) SE Runtime Environment"/>
    <property name="file.encoding" value="Cp1252"/>
    <property name="java.vm.name" value="Java HotSpot(TM) Client VM"/>
    <property name="localRepository" value="C:\Users\welcome\.m2\repository"/>
    <property name="java.vendor.url.bug" value="http://bugreport.sun.com/bugreport/"/>
    <property name="java.io.tmpdir" value="C:\Users\welcome\AppData\Local\Temp\"/>
    <property name="java.version" value="1.8.0_321"/>
    <property name="user.dir" value="E:\devops1\maven\apache-maven-3.8.5\citibank"/>
    <property name="os.arch" value="x86"/>
    <property name="java.vm.specification.name" value="Java Virtual Machine Specification"/>
    <property name="java.awt.printerjob" value="sun.awt.windows.WPrinterJob"/>
    <property name="sun.os.patch.level" value=""/>
    <property name="java.library.path" value="C:\Program Files (x86)\Java\jdk1.8.0_321\jre\bin;C:\WINDOWS\Sun\Java\bin;C:\WINDOWS\system32;C:\WINDOWS;C:\Program Files (x86)\Common Files\Oracle\Java\javapath;C:\WINDOWS\system32;C:\WINDOWS;C:\WINDOWS\System32\Wbem;C:\WINDOWS\System32\WindowsPowerShell\v1.0\;C:\WINDOWS\System32\OpenSSH\;C:\Program Files\Git\cmd;E:\devops1\maven\apache-maven-3.8.5\bin;C:\Program Files (x86)\Java\jdk1.8.0_321\bin;C:\Users\welcome\AppData\Local\Microsoft\WindowsApps;;."/>
    <property name="java.vm.info" value="mixed mode, sharing"/>
    <property name="java.vendor" value="Oracle Corporation"/>
    <property name="java.vm.version" value="25.321-b07"/>
    <property name="java.ext.dirs" value="C:\Program Files (x86)\Java\jdk1.8.0_321\jre\lib\ext;C:\WINDOWS\Sun\Java\lib\ext"/>
    <property name="sun.io.unicode.encoding" value="UnicodeLittle"/>
    <property name="java.class.version" value="52.0"/>
  </properties>
  <testcase name="shouldAnswerWithTrue" classname="ibm.AppTest" time="0.005"/>
</testsuite>